<?xml version="1.0" encoding="UTF-8"?>
<!-- Generated by org.testng.reporters.JUnitXMLReporter -->
<testsuite ignored="0" hostname="india-PC" failures="0" tests="6" name="Test-method test" time="0.096" errors="0" timestamp="2021-01-15T22:05:07 IST">
  <testcase classname="org.samplerun.main.ParallelTestTsng.process1" name="bFastTest" time="0.009"/>
  <testcase classname="org.samplerun.main.ParallelTestTsng.process1" name="aFastTest" time="0.007"/>
  <testcase classname="org.samplerun.main.ParallelTestTsng.process1" name="aFastTest" time="0.002"/>
  <testcase classname="org.samplerun.main.ParallelTestTsng.process2" name="bFastTest" time="0.003"/>
  <testcase classname="org.samplerun.main.ParallelTestTsng.process2" name="aFastTest" time="0.004"/>
  <testcase classname="org.samplerun.main.ParallelTestTsng.process2" name="aFastTest" time="0.003"/>
</testsuite> <!-- Test-method test -->
