<?xml version="1.0" encoding="UTF-8"?>
<!-- Generated by org.testng.reporters.JUnitReportReporter -->
<testsuite hostname="india-PC" failures="0" tests="3" name="org.samplerun.main.ParallelTestTsng.process1" time="0.018" errors="0" timestamp="2021-01-15T22:05:07 IST" skipped="0">
  <testcase classname="org.samplerun.main.ParallelTestTsng.process1" name="bFastTest" time="0.009"/>
  <system-out/>
  <testcase classname="org.samplerun.main.ParallelTestTsng.process1" name="aFastTest" time="0.002"/>
  <system-out/>
  <testcase classname="org.samplerun.main.ParallelTestTsng.process1" name="aFastTest" time="0.007"/>
  <system-out/>
</testsuite> <!-- org.samplerun.main.ParallelTestTsng.process1 -->
