<?xml version="1.0" encoding="UTF-8"?>
<!-- Generated by org.testng.reporters.JUnitReportReporter -->
<testsuite hostname="india-PC" failures="0" tests="3" name="org.samplerun.main.ParallelTestTsng.process2" time="0.010" errors="0" timestamp="2021-01-15T22:05:07 IST" skipped="0">
  <testcase classname="org.samplerun.main.ParallelTestTsng.process2" name="bFastTest" time="0.003"/>
  <system-out/>
  <testcase classname="org.samplerun.main.ParallelTestTsng.process2" name="aFastTest" time="0.003"/>
  <system-out/>
  <testcase classname="org.samplerun.main.ParallelTestTsng.process2" name="aFastTest" time="0.004"/>
  <system-out/>
</testsuite> <!-- org.samplerun.main.ParallelTestTsng.process2 -->
