<?xml version="1.0" encoding="UTF-8"?>
<!-- Generated by org.testng.reporters.JUnitReportReporter -->
<testsuite hostname="india-PC" failures="0" tests="3" name="org.samplerun.main.Testngmainmethod" time="0.020" errors="0" timestamp="2021-01-15T20:42:02 IST" skipped="0">
  <testcase classname="org.samplerun.main.Testngmainmethod" name="bFastTest" time="0.009"/>
  <system-out/>
  <testcase classname="org.samplerun.main.Testngmainmethod" name="aFastTest" time="0.003"/>
  <system-out/>
  <testcase classname="org.samplerun.main.Testngmainmethod" name="aFastTest" time="0.008"/>
  <system-out/>
</testsuite> <!-- org.samplerun.main.Testngmainmethod -->
