<?xml version="1.0" encoding="UTF-8"?>
<!-- Generated by org.testng.reporters.JUnitReportReporter -->
<testsuite skipped="0" hostname="DESKTOP-DH6PL6R" name="org.samplerun.automationFramework.Tstngsamlefirsttest" tests="1" failures="0" timestamp="26 Oct 2020 12:30:48 GMT" time="81.844" errors="0">
  <testcase name="f" time="81.844" classname="org.samplerun.automationFramework.Tstngsamlefirsttest"/>
</testsuite> <!-- org.samplerun.automationFramework.Tstngsamlefirsttest -->
